android/capacitor-cordova-android-plugins/build/intermediates/manifest_merge_blame_file/debug/manifest-merger-blame-debug-report.txt
1<?xml version="1.0" encoding="utf-8"?>
2<manifest xmlns:amazon="http://schemas.amazon.com/apk/res/android"
3    xmlns:android="http://schemas.android.com/apk/res/android"
4    package="capacitor.android.plugins" >
5
6    <uses-sdk
7        android:minSdkVersion="21"
7-->src/main/AndroidManifest.xml
8        android:targetSdkVersion="30" />
8-->src/main/AndroidManifest.xml
9
10    <uses-permission android:name="android.permission.WRITE_EXTERNAL_STORAGE" />
10-->src/main/AndroidManifest.xml:8:1-76
10-->src/main/AndroidManifest.xml:8:18-74
11
12    <application>
12-->src/main/AndroidManifest.xml:5:1-7:15
13        <activity android:name="com.soundcloud.android.crop.CropImageActivity" />
13-->src/main/AndroidManifest.xml:6:1-73
13-->src/main/AndroidManifest.xml:6:11-71
14    </application>
15
16</manifest>